<?xml version="1.0" encoding="UTF-8"?>
<testsuite xmlns:xsi="http://www.w3.org/2001/XMLSchema-instance" xsi:noNamespaceSchemaLocation="https://maven.apache.org/surefire/maven-surefire-plugin/xsd/surefire-test-report-3.0.xsd" version="3.0" name="br.edu.ifsul.cc.lpoo.estacione.test.TestePersistenciaJPA" time="2.043" tests="1" errors="0" skipped="0" failures="0">
  <properties>
[...]
</properties>
  <testcase name="testeEstacione" classname="br.edu.ifsul.cc.lpoo.estacione.test.TestePersistenciaJPA" time="0.065">
    <system-out><![CDATA[Hibernate: alter table tb_carro drop constraint FKdmdqx2ko17p9kv4o12ppon58g
Hibernate: alter table tb_ticket drop constraint FKae76e4llvh3yvamn13fqkhjom
Hibernate: alter table tb_vaga drop constraint FK8rcp9sumhxpnwr53f910269qk
Hibernate: alter table tb_vaga drop constraint FKboogargc42vuo369ky7b7a8yu
Hibernate: drop table if exists tb_carro cascade
Hibernate: drop table if exists tb_estacionamento cascade
Hibernate: drop table if exists tb_ticket cascade
Hibernate: drop table if exists tb_vaga cascade
Hibernate: drop sequence if exists hibernate_sequence
Hibernate: create sequence hibernate_sequence start 1 increment 1
Hibernate: create table tb_carro (id int4 not null, cor varchar(30) not null, modelo varchar(20) not null, placa varchar(7) not null, estacionamento_id int4, primary key (id))
Hibernate: create table tb_estacionamento (id int4 not null, capacidade_veiculos int4 not null, nome_estacionamento varchar(60) not null, primary key (id))
Hibernate: create table tb_ticket (id int4 not null, hora_entrada int4 not null, hora_saida int4 not null, numero_ticket int4 not null, valor_hora decimal(12,2), valor_total decimal(12,2), carro_id int4, primary key (id))
Hibernate: create table tb_vaga (id int4 not null, vaga_disponivel boolean not null, numero_vaga int4 not null, carro_id int4, estacionamento_id int4, primary key (id))
Hibernate: alter table tb_carro add constraint FKdmdqx2ko17p9kv4o12ppon58g foreign key (estacionamento_id) references tb_estacionamento
Hibernate: alter table tb_ticket add constraint FKae76e4llvh3yvamn13fqkhjom foreign key (carro_id) references tb_carro
Hibernate: alter table tb_vaga add constraint FK8rcp9sumhxpnwr53f910269qk foreign key (carro_id) references tb_carro
Hibernate: alter table tb_vaga add constraint FKboogargc42vuo369ky7b7a8yu foreign key (estacionamento_id) references tb_estacionamento
Hibernate: select nextval ('hibernate_sequence')
Hibernate: insert into tb_estacionamento (capacidade_veiculos, nome_estacionamento, id) values (?, ?, ?)
Hibernate: select nextval ('hibernate_sequence')
Hibernate: insert into tb_carro (cor, estacionamento_id, modelo, placa, id) values (?, ?, ?, ?, ?)
Hibernate: select nextval ('hibernate_sequence')
Hibernate: insert into tb_carro (cor, estacionamento_id, modelo, placa, id) values (?, ?, ?, ?, ?)
Hibernate: select nextval ('hibernate_sequence')
Hibernate: insert into tb_carro (cor, estacionamento_id, modelo, placa, id) values (?, ?, ?, ?, ?)
Hibernate: select nextval ('hibernate_sequence')
Hibernate: insert into tb_vaga (carro_id, vaga_disponivel, estacionamento_id, numero_vaga, id) values (?, ?, ?, ?, ?)
Hibernate: select nextval ('hibernate_sequence')
Hibernate: insert into tb_vaga (carro_id, vaga_disponivel, estacionamento_id, numero_vaga, id) values (?, ?, ?, ?, ?)
Hibernate: select nextval ('hibernate_sequence')
Hibernate: insert into tb_vaga (carro_id, vaga_disponivel, estacionamento_id, numero_vaga, id) values (?, ?, ?, ?, ?)
Hibernate: select nextval ('hibernate_sequence')
Hibernate: insert into tb_vaga (carro_id, vaga_disponivel, estacionamento_id, numero_vaga, id) values (?, ?, ?, ?, ?)
Hibernate: select nextval ('hibernate_sequence')
Hibernate: insert into tb_ticket (carro_id, hora_entrada, hora_saida, numero_ticket, valor_hora, valor_total, id) values (?, ?, ?, ?, ?, ?, ?)
Hibernate: select nextval ('hibernate_sequence')
Hibernate: insert into tb_ticket (carro_id, hora_entrada, hora_saida, numero_ticket, valor_hora, valor_total, id) values (?, ?, ?, ?, ?, ?, ?)
Hibernate: select nextval ('hibernate_sequence')
Hibernate: insert into tb_ticket (carro_id, hora_entrada, hora_saida, numero_ticket, valor_hora, valor_total, id) values (?, ?, ?, ?, ?, ?, ?)
Hibernate: select vaga0_.id as id1_3_, vaga0_.carro_id as carro_id4_3_, vaga0_.vaga_disponivel as vaga_dis2_3_, vaga0_.estacionamento_id as estacion5_3_, vaga0_.numero_vaga as numero_v3_3_ from tb_vaga vaga0_ order by vaga0_.id asc
Número da vaga: 10
Vaga disponível: false
Número da vaga: 11
Vaga disponível: false
Número da vaga: 12
Vaga disponível: false
Número da vaga: 13
Vaga disponível: true
Qual é a primeira vaga disponível: 13
]]></system-out>
    <system-err><![CDATA[jul 16, 2024 7:05:10 PM org.hibernate.ejb.HibernatePersistence logDeprecation
WARN: HHH015016: Encountered a deprecated javax.persistence.spi.PersistenceProvider [org.hibernate.ejb.HibernatePersistence]; use [org.hibernate.jpa.HibernatePersistenceProvider] instead.
jul 16, 2024 7:05:10 PM org.hibernate.ejb.HibernatePersistence logDeprecation
WARN: HHH015016: Encountered a deprecated javax.persistence.spi.PersistenceProvider [org.hibernate.ejb.HibernatePersistence]; use [org.hibernate.jpa.HibernatePersistenceProvider] instead.
jul 16, 2024 7:05:10 PM org.hibernate.jpa.internal.util.LogHelper logPersistenceUnitInformation
INFO: HHH000204: Processing PersistenceUnitInfo [
	name: pu_Estacione
	...]
jul 16, 2024 7:05:10 PM org.hibernate.Version logVersion
INFO: HHH000412: Hibernate Core {5.3.3.Final}
jul 16, 2024 7:05:10 PM org.hibernate.cfg.Environment <clinit>
INFO: HHH000206: hibernate.properties not found
jul 16, 2024 7:05:10 PM org.hibernate.annotations.common.reflection.java.JavaReflectionManager <clinit>
INFO: HCANN000001: Hibernate Commons Annotations {5.0.4.Final}
jul 16, 2024 7:05:11 PM org.hibernate.engine.jdbc.connections.internal.DriverManagerConnectionProviderImpl configure
WARN: HHH10001002: Using Hibernate built-in connection pool (not for production use!)
jul 16, 2024 7:05:11 PM org.hibernate.engine.jdbc.connections.internal.DriverManagerConnectionProviderImpl buildCreator
INFO: HHH10001005: using driver [org.postgresql.Driver] at URL [jdbc:postgresql://localhost:5432/ProjetoLPOOE1_Emilia]
jul 16, 2024 7:05:11 PM org.hibernate.engine.jdbc.connections.internal.DriverManagerConnectionProviderImpl buildCreator
INFO: HHH10001001: Connection properties: {password=****, user=postgres}
jul 16, 2024 7:05:11 PM org.hibernate.engine.jdbc.connections.internal.DriverManagerConnectionProviderImpl buildCreator
INFO: HHH10001003: Autocommit mode: false
jul 16, 2024 7:05:11 PM org.hibernate.engine.jdbc.connections.internal.DriverManagerConnectionProviderImpl$PooledConnections <init>
INFO: HHH000115: Hibernate connection pool size: 20 (min=1)
jul 16, 2024 7:05:11 PM org.hibernate.dialect.Dialect <init>
INFO: HHH000400: Using dialect: org.hibernate.dialect.PostgreSQLDialect
jul 16, 2024 7:05:11 PM org.hibernate.engine.jdbc.env.internal.LobCreatorBuilderImpl useContextualLobCreation
INFO: HHH000424: Disabling contextual LOB creation as createClob() method threw error : java.lang.reflect.InvocationTargetException
jul 16, 2024 7:05:11 PM org.hibernate.type.BasicTypeRegistry register
INFO: HHH000270: Type registration [java.util.UUID] overrides previous : org.hibernate.type.UUIDBinaryType@30e92cb9
jul 16, 2024 7:05:12 PM org.hibernate.resource.transaction.backend.jdbc.internal.DdlTransactionIsolatorNonJtaImpl getIsolatedConnection
INFO: HHH10001501: Connection obtained from JdbcConnectionAccess [org.hibernate.engine.jdbc.env.internal.JdbcEnvironmentInitiator$ConnectionProviderJdbcConnectionAccess@28a9494b] for (non-JTA) DDL execution was not in auto-commit mode; the Connection 'local transaction' will be committed and the Connection will be set into auto-commit mode.
jul 16, 2024 7:05:12 PM org.hibernate.resource.transaction.backend.jdbc.internal.DdlTransactionIsolatorNonJtaImpl getIsolatedConnection
INFO: HHH10001501: Connection obtained from JdbcConnectionAccess [org.hibernate.engine.jdbc.env.internal.JdbcEnvironmentInitiator$ConnectionProviderJdbcConnectionAccess@726934e2] for (non-JTA) DDL execution was not in auto-commit mode; the Connection 'local transaction' will be committed and the Connection will be set into auto-commit mode.
jul 16, 2024 7:05:12 PM org.hibernate.tool.schema.internal.SchemaCreatorImpl applyImportSources
INFO: HHH000476: Executing import script 'org.hibernate.tool.schema.internal.exec.ScriptSourceInputNonExistentImpl@77f991c'
jul 16, 2024 7:05:12 PM org.hibernate.hql.internal.QueryTranslatorFactoryInitiator initiateService
INFO: HHH000397: Using ASTQueryTranslatorFactory
]]></system-err>
  </testcase>
</testsuite>